Determining if the pthread_create exist failed with the following output:
Change Dir: /home/dango/dango_file/software/webots/web_con_ws/build/CMakeFiles/CMakeTmp

Run Build Command:"/usr/bin/make" "cmTC_b16ad/fast"
/usr/bin/make -f CMakeFiles/cmTC_b16ad.dir/build.make CMakeFiles/cmTC_b16ad.dir/build
make[1]: 进入目录“/home/dango/dango_file/software/webots/web_con_ws/build/CMakeFiles/CMakeTmp”
Building C object CMakeFiles/cmTC_b16ad.dir/CheckSymbolExists.c.o
/usr/bin/cc    -o CMakeFiles/cmTC_b16ad.dir/CheckSymbolExists.c.o   -c /home/dango/dango_file/software/webots/web_con_ws/build/CMakeFiles/CMakeTmp/CheckSymbolExists.c
Linking C executable cmTC_b16ad
/usr/bin/cmake -E cmake_link_script CMakeFiles/cmTC_b16ad.dir/link.txt --verbose=1
/usr/bin/cc      -rdynamic CMakeFiles/cmTC_b16ad.dir/CheckSymbolExists.c.o  -o cmTC_b16ad 
CMakeFiles/cmTC_b16ad.dir/CheckSymbolExists.c.o：在函数‘main’中：
CheckSymbolExists.c:(.text+0x1b)：对‘pthread_create’未定义的引用
collect2: error: ld returned 1 exit status
CMakeFiles/cmTC_b16ad.dir/build.make:97: recipe for target 'cmTC_b16ad' failed
make[1]: *** [cmTC_b16ad] Error 1
make[1]: 离开目录“/home/dango/dango_file/software/webots/web_con_ws/build/CMakeFiles/CMakeTmp”
Makefile:126: recipe for target 'cmTC_b16ad/fast' failed
make: *** [cmTC_b16ad/fast] Error 2

File /home/dango/dango_file/software/webots/web_con_ws/build/CMakeFiles/CMakeTmp/CheckSymbolExists.c:
/* */
#include <pthread.h>

int main(int argc, char** argv)
{
  (void)argv;
#ifndef pthread_create
  return ((int*)(&pthread_create))[argc];
#else
  (void)argc;
  return 0;
#endif
}

Determining if the function pthread_create exists in the pthreads failed with the following output:
Change Dir: /home/dango/dango_file/software/webots/web_con_ws/build/CMakeFiles/CMakeTmp

Run Build Command:"/usr/bin/make" "cmTC_dbede/fast"
/usr/bin/make -f CMakeFiles/cmTC_dbede.dir/build.make CMakeFiles/cmTC_dbede.dir/build
make[1]: 进入目录“/home/dango/dango_file/software/webots/web_con_ws/build/CMakeFiles/CMakeTmp”
Building C object CMakeFiles/cmTC_dbede.dir/CheckFunctionExists.c.o
/usr/bin/cc   -DCHECK_FUNCTION_EXISTS=pthread_create   -o CMakeFiles/cmTC_dbede.dir/CheckFunctionExists.c.o   -c /usr/share/cmake-3.10/Modules/CheckFunctionExists.c
Linking C executable cmTC_dbede
/usr/bin/cmake -E cmake_link_script CMakeFiles/cmTC_dbede.dir/link.txt --verbose=1
/usr/bin/cc  -DCHECK_FUNCTION_EXISTS=pthread_create    -rdynamic CMakeFiles/cmTC_dbede.dir/CheckFunctionExists.c.o  -o cmTC_dbede -lpthreads 
/usr/bin/ld: 找不到 -lpthreads
collect2: error: ld returned 1 exit status
CMakeFiles/cmTC_dbede.dir/build.make:97: recipe for target 'cmTC_dbede' failed
make[1]: *** [cmTC_dbede] Error 1
make[1]: 离开目录“/home/dango/dango_file/software/webots/web_con_ws/build/CMakeFiles/CMakeTmp”
Makefile:126: recipe for target 'cmTC_dbede/fast' failed
make: *** [cmTC_dbede/fast] Error 2


Determining if the include file pgm.h exists failed with the following output:
Change Dir: /home/dango/dango_file/software/webots/web_con_ws/build/CMakeFiles/CMakeTmp

Run Build Command:"/usr/bin/make" "cmTC_e0ab9/fast"
/usr/bin/make -f CMakeFiles/cmTC_e0ab9.dir/build.make CMakeFiles/cmTC_e0ab9.dir/build
make[1]: 进入目录“/home/dango/dango_file/software/webots/web_con_ws/build/CMakeFiles/CMakeTmp”
Building CXX object CMakeFiles/cmTC_e0ab9.dir/CheckIncludeFile.cxx.o
/usr/bin/c++     -o CMakeFiles/cmTC_e0ab9.dir/CheckIncludeFile.cxx.o -c /home/dango/dango_file/software/webots/web_con_ws/build/CMakeFiles/CMakeTmp/CheckIncludeFile.cxx
/home/dango/dango_file/software/webots/web_con_ws/build/CMakeFiles/CMakeTmp/CheckIncludeFile.cxx:1:10: fatal error: pgm.h: 没有那个文件或目录
 #include <pgm.h>
          ^~~~~~~
compilation terminated.
CMakeFiles/cmTC_e0ab9.dir/build.make:65: recipe for target 'CMakeFiles/cmTC_e0ab9.dir/CheckIncludeFile.cxx.o' failed
make[1]: *** [CMakeFiles/cmTC_e0ab9.dir/CheckIncludeFile.cxx.o] Error 1
make[1]: 离开目录“/home/dango/dango_file/software/webots/web_con_ws/build/CMakeFiles/CMakeTmp”
Makefile:126: recipe for target 'cmTC_e0ab9/fast' failed
make: *** [cmTC_e0ab9/fast] Error 2


