Performing C SOURCE FILE Test CMAKE_HAVE_LIBC_PTHREAD failed with the following output:
Change Dir: /home/dango/dango_file/software/webots/web_con_ws/src/cmake-build-debug/CMakeFiles/CMakeTmp

Run Build Command(s):/usr/bin/make cmTC_00fd9/fast && /usr/bin/make  -f CMakeFiles/cmTC_00fd9.dir/build.make CMakeFiles/cmTC_00fd9.dir/build
make[1]: 进入目录“/home/dango/dango_file/software/webots/web_con_ws/src/cmake-build-debug/CMakeFiles/CMakeTmp”
Building C object CMakeFiles/cmTC_00fd9.dir/src.c.o
/usr/bin/cc   -DCMAKE_HAVE_LIBC_PTHREAD   -o CMakeFiles/cmTC_00fd9.dir/src.c.o   -c /home/dango/dango_file/software/webots/web_con_ws/src/cmake-build-debug/CMakeFiles/CMakeTmp/src.c
Linking C executable cmTC_00fd9
/home/dango/dango_file/software/clion/CLion-2020.2.4/clion-2020.2.4/bin/cmake/linux/bin/cmake -E cmake_link_script CMakeFiles/cmTC_00fd9.dir/link.txt --verbose=1
/usr/bin/cc  -DCMAKE_HAVE_LIBC_PTHREAD    -rdynamic CMakeFiles/cmTC_00fd9.dir/src.c.o  -o cmTC_00fd9 
CMakeFiles/cmTC_00fd9.dir/src.c.o：在函数‘main’中：
src.c:(.text+0x3e)：对‘pthread_create’未定义的引用
src.c:(.text+0x4a)：对‘pthread_detach’未定义的引用
src.c:(.text+0x56)：对‘pthread_cancel’未定义的引用
src.c:(.text+0x67)：对‘pthread_join’未定义的引用
src.c:(.text+0x7b)：对‘pthread_atfork’未定义的引用
collect2: error: ld returned 1 exit status
CMakeFiles/cmTC_00fd9.dir/build.make:106: recipe for target 'cmTC_00fd9' failed
make[1]: *** [cmTC_00fd9] Error 1
make[1]: 离开目录“/home/dango/dango_file/software/webots/web_con_ws/src/cmake-build-debug/CMakeFiles/CMakeTmp”
Makefile:141: recipe for target 'cmTC_00fd9/fast' failed
make: *** [cmTC_00fd9/fast] Error 2


Source file was:
#include <pthread.h>

void* test_func(void* data)
{
  return data;
}

int main(void)
{
  pthread_t thread;
  pthread_create(&thread, NULL, test_func, NULL);
  pthread_detach(thread);
  pthread_cancel(thread);
  pthread_join(thread, NULL);
  pthread_atfork(NULL, NULL, NULL);
  pthread_exit(NULL);

  return 0;
}

Determining if the function pthread_create exists in the pthreads failed with the following output:
Change Dir: /home/dango/dango_file/software/webots/web_con_ws/src/cmake-build-debug/CMakeFiles/CMakeTmp

Run Build Command(s):/usr/bin/make cmTC_af4fb/fast && /usr/bin/make  -f CMakeFiles/cmTC_af4fb.dir/build.make CMakeFiles/cmTC_af4fb.dir/build
make[1]: 进入目录“/home/dango/dango_file/software/webots/web_con_ws/src/cmake-build-debug/CMakeFiles/CMakeTmp”
Building C object CMakeFiles/cmTC_af4fb.dir/CheckFunctionExists.c.o
/usr/bin/cc   -DCHECK_FUNCTION_EXISTS=pthread_create   -o CMakeFiles/cmTC_af4fb.dir/CheckFunctionExists.c.o   -c /home/dango/dango_file/software/clion/CLion-2020.2.4/clion-2020.2.4/bin/cmake/linux/share/cmake-3.17/Modules/CheckFunctionExists.c
Linking C executable cmTC_af4fb
/home/dango/dango_file/software/clion/CLion-2020.2.4/clion-2020.2.4/bin/cmake/linux/bin/cmake -E cmake_link_script CMakeFiles/cmTC_af4fb.dir/link.txt --verbose=1
/usr/bin/cc  -DCHECK_FUNCTION_EXISTS=pthread_create    -rdynamic CMakeFiles/cmTC_af4fb.dir/CheckFunctionExists.c.o  -o cmTC_af4fb  -lpthreads 
/usr/bin/ld: 找不到 -lpthreads
collect2: error: ld returned 1 exit status
CMakeFiles/cmTC_af4fb.dir/build.make:106: recipe for target 'cmTC_af4fb' failed
make[1]: *** [cmTC_af4fb] Error 1
make[1]: 离开目录“/home/dango/dango_file/software/webots/web_con_ws/src/cmake-build-debug/CMakeFiles/CMakeTmp”
Makefile:141: recipe for target 'cmTC_af4fb/fast' failed
make: *** [cmTC_af4fb/fast] Error 2



